 Classifier MLP
 Training run
 Patterns file: h46_l.pat; using all 24205 patterns
 Final pattern-wts: set all equal,
  no files read
 Error function: sum of squares
 Reg. factor: 1.000e-03
 Activation fns. on hidden, output nodes: sinusoid, sinusoid
 Nos. of input, hidden, output nodes: 128, 128, 26
 Boltzmann pruning, thresh. exp(-w^2/T), T 1.000e-04
 Will use SCG
 Initial network weights: from file trn_5.wts
 Final network weights will be written as file trn_6.wts
 Stopping criteria (max. no. of iterations 50):
  (RMS err) <= 0.000e+00 OR
  (RMS g) <= 0.000e+00 * (RMS w) OR
  (RMS err) > 9.900e-01 * (RMS err 10 iters ago) OR
  (OK - NG count) < (count 10 iters ago) + 1.  (OK level: 0.000)
 Long outfile not made


 SCG: doing <= 50 iterations; 19866 variables.

 pruned  6576   382  6958   C  1.39481e+05  H  4.75994e+04  R  65.87  M  -0.01  T  0.0332
     Iter   Err (   Ep    Ew)     OK    UNK     NG      OK   UNK    NG
        0 0.087 (0.086 0.147)  22109      0   2096 =  91.3   0.0   8.7 %
  50.2   93 96 95 97 93 91 81 94 50 87 94 89 97 94 97 95 84 93 95 95 94 92 96 94 89 96
 pruned  6655   389  7044   C  1.62930e+05  H  4.69516e+04  R  71.18  M  -0.01  T  0.0334
 pruned  6685   393  7078   C  1.90872e+05  H  4.67148e+04  R  75.53  M  -0.01  T  0.0335
 pruned  6704   395  7099   C  1.73457e+05  H  4.65800e+04  R  73.15  M  -0.01  T  0.0336
 pruned  6726   397  7123   C  1.46178e+05  H  4.64145e+04  R  68.25  M  -0.01  T  0.0336
 pruned  6734   397  7131   C  1.61479e+05  H  4.64039e+04  R  71.26  M  -0.01  T  0.0337
 pruned  6743   397  7140   C  1.68919e+05  H  4.63646e+04  R  72.55  M  -0.01  T  0.0337
 pruned  6749   398  7147   C  1.68918e+05  H  4.63321e+04  R  72.57  M  -0.01  T  0.0338
 pruned  6750   399  7149   C  1.85201e+05  H  4.63591e+04  R  74.97  M  -0.01  T  0.0338
 pruned  6714   398  7112   C  1.61005e+05  H  4.67167e+04  R  70.98  M  -0.01  T  0.0337
 pruned  6723   402  7125   C  1.70078e+05  H  4.66372e+04  R  72.58  M  -0.01  T  0.0338
       10 0.086 (0.086 0.147)  22118      0   2087 =  91.4   0.0   8.6 %
  49.9   93 96 95 97 93 91 81 94 50 87 94 89 97 94 97 95 84 93 95 95 94 93 96 95 89 96
 pruned  6711   400  7111   C  1.62906e+05  H  4.67758e+04  R  71.29  M  -0.01  T  0.0338
 pruned  6716   403  7119   C  1.68394e+05  H  4.67245e+04  R  72.25  M  -0.01  T  0.0339
 pruned  6662   396  7058   C  1.63017e+05  H  4.72485e+04  R  71.02  M  -0.01  T  0.0338
 pruned  6674   401  7075   C  1.90628e+05  H  4.70816e+04  R  75.30  M  -0.01  T  0.0339
 pruned  6612   390  7002   C  1.63561e+05  H  4.77239e+04  R  70.82  M  -0.01  T  0.0337
 pruned  6632   406  7038   C  1.79090e+05  H  4.73710e+04  R  73.55  M  -0.01  T  0.0339
 pruned  6489   393  6882   C  1.60310e+05  H  4.86651e+04  R  69.64  M  -0.01  T  0.0335
 pruned  6421   383  6804   C  1.60254e+05  H  4.92634e+04  R  69.26  M  -0.01  T  0.0334
 pruned  6458   383  6841   C  1.62461e+05  H  4.89027e+04  R  69.90  M  -0.01  T  0.0335
 pruned  6357   386  6743   C  1.64204e+05  H  4.96644e+04  R  69.75  M  -0.01  T  0.0333
       20 0.086 (0.086 0.148)  22121      0   2084 =  91.4   0.0   8.6 %
  50.6   94 96 95 97 93 91 80 94 51 86 94 89 97 95 97 95 84 93 95 95 94 93 96 94 90 96
 pruned  6218   367  6585   C  1.62356e+05  H  5.08296e+04  R  68.69  M  -0.01  T  0.0330
 pruned  6211   365  6576   C  1.76128e+05  H  5.07996e+04  R  71.16  M  -0.01  T  0.0330
 pruned  6239   366  6605   C  1.57185e+05  H  5.04388e+04  R  67.91  M  -0.01  T  0.0332
 pruned  6111   365  6476   C  1.65891e+05  H  5.14703e+04  R  68.97  M  -0.01  T  0.0329
 pruned  6093   358  6451   C  1.64825e+05  H  5.15383e+04  R  68.73  M  -0.01  T  0.0329
 pruned  6166   364  6530   C  1.84335e+05  H  5.07979e+04  R  72.44  M  -0.01  T  0.0332
 pruned  6031   364  6395   C  1.62047e+05  H  5.18328e+04  R  68.01  M  -0.01  T  0.0329
 pruned  5992   359  6351   C  1.83640e+05  H  5.20704e+04  R  71.65  M  -0.01  T  0.0329
 pruned  6074   366  6440   C  1.60612e+05  H  5.12855e+04  R  68.07  M  -0.01  T  0.0332
 pruned  5903   355  6258   C  1.64387e+05  H  5.26637e+04  R  67.96  M  -0.01  T  0.0328
       30 0.086 (0.086 0.150)  22162      0   2043 =  91.6   0.0   8.4 %
  52.6   94 96 95 97 93 91 81 94 53 87 94 90 97 94 97 95 85 93 95 95 94 92 96 95 90 96
 pruned  5968   366  6334   C  1.77669e+05  H  5.19462e+04  R  70.76  M  -0.01  T  0.0331
 pruned  5913   353  6266   C  1.66438e+05  H  5.24100e+04  R  68.51  M  -0.01  T  0.0330
 pruned  6011   361  6372   C  1.72586e+05  H  5.14753e+04  R  70.17  M  -0.01  T  0.0333
 pruned  6087   365  6452   C  1.74405e+05  H  5.08144e+04  R  70.86  M  -0.01  T  0.0336
 pruned  6032   357  6389   C  1.71031e+05  H  5.12927e+04  R  70.01  M  -0.01  T  0.0335
 pruned  5949   353  6302   C  1.69791e+05  H  5.19481e+04  R  69.40  M  -0.01  T  0.0334
 pruned  6046   359  6405   C  1.83545e+05  H  5.10564e+04  R  72.18  M  -0.01  T  0.0337
 pruned  6087   364  6451   C  1.64735e+05  H  5.06600e+04  R  69.25  M  -0.01  T  0.0339
 pruned  6053   362  6415   C  1.60225e+05  H  5.09809e+04  R  68.18  M  -0.01  T  0.0338
 pruned  6095   366  6461   C  1.65282e+05  H  5.05893e+04  R  69.39  M  -0.01  T  0.0340
       40 0.086 (0.086 0.151)  22187      0   2018 =  91.7   0.0   8.3 %
  52.2   94 96 95 97 93 91 82 94 52 87 94 90 96 94 97 95 84 93 96 95 95 93 96 94 90 95
 pruned  6008   361  6369   C  1.75883e+05  H  5.13682e+04  R  70.79  M  -0.01  T  0.0338
 pruned  6068   363  6431   C  1.70303e+05  H  5.08487e+04  R  70.14  M  -0.01  T  0.0341
 pruned  6156   361  6517   C  1.76740e+05  H  5.00923e+04  R  71.66  M  -0.01  T  0.0343
 pruned  5958   357  6315   C  1.70698e+05  H  5.17864e+04  R  69.66  M  -0.01  T  0.0339
 pruned  6106   373  6479   C  1.65022e+05  H  5.03635e+04  R  69.48  M  -0.01  T  0.0344
 pruned  6089   367  6456   C  1.75008e+05  H  5.06139e+04  R  71.08  M  -0.01  T  0.0344
 pruned  6136   372  6508   C  1.74677e+05  H  5.01518e+04  R  71.29  M  -0.01  T  0.0345
 pruned  6073   372  6445   C  1.82546e+05  H  5.07466e+04  R  72.20  M  -0.01  T  0.0344
 pruned  6153   378  6531   C  1.70364e+05  H  4.99807e+04  R  70.66  M  -0.01  T  0.0347
 pruned  6149   375  6524   C  1.87910e+05  H  5.00826e+04  R  73.35  M  -0.01  T  0.0347
       50 0.085 (0.085 0.153)  22227      0   1978 =  91.8   0.0   8.2 %
  55.0   94 96 95 97 93 91 82 94 55 87 95 90 97 95 97 95 84 93 96 95 94 93 97 95 90 96

 oklvl 0.00
 # Highest two outputs (mean) 0.800 0.169; mean diff 0.631
   key  name
    a   a
    b   b
    c   c
    d   d
    e   e
    f   f
    g   g
    h   h
    i   i
    j   j
    k   k
    l   l
    m   m
    n   n
    o   o
    p   p
    q   q
    r   r
    s   s
    t   t
    u   u
    v   v
    w   w
    x   x
    y   y
    z   z
 #  key:      a   b   c   d   e   f   g   h   i   j   k   l   m   n   o   p   q   r   s   t   u   v   w   x   y   z
 #  row: correct, column: actual
 #       a: 921   1   1   3   1   0  13   1   3   0   1   3   1   5  16   0   7   0   1   0   1   0   2   0   0   1
 #       b:   2 879   1   3   1   0   0  18   1   0   1   3   0   2   2   0   0   0   0   0   0   0   2   1   0   0
 #       c:   3   0 954   1  19   0   0   2   1   0   0   4   0   1   7   2   0   6   3   0   0   0   0   0   0   3
 #       d:   6   5   0 880   0   0   0   2   3   1   0   0   1   0   1   0   0   0   0   1   0   2   0   1   0   0
 #       e:   8   1  18   1 799   3   0   1   3   0   0   6   0   0   1   8   1   1   0   1   1   0   0   0   4   1
 #       f:   0   3   1   1   2 841   2   2   1   0   2   4   0   0   0  13   2   6   3  35   0   1   0   1   0   0
 #       g:  33   1   1   1   0   3 742   3   2   1   2   8   0   1   0   3  74   1  11   1   1   0   1   1   3   6
 #       h:   3   4   0   1   0   2   1 925   2   1  10   6   0  12   0   0   0   0   0   3   3   1   1   3   0   1
 #       i:   3   3   8   1   0   2   3   1 499   6   1 358   0   0   0   4   3   1   2   1   0   2   0   3   2   5
 #       j:   1   1   0   8   0   3   8   0   4 487   2  20   0   0   0   0   0   1   7   5   3   5   0   3   0   4
 #       k:   0   3   2   0   0   0   0  15   0   0 770   3   0   2   0   0   0   2   0   5   2   0   0   9   0   0
 #       l:   0   1   9   1   6   1   1   3 118  13   4 1560   0   0   0   2   0   4   1   1   1   0   0   2   6   2
 #       m:   1   1   0   0   0   0   0   5   1   0   4   0 896  10   0   0   0   0   0   1   3   0   5   0   1   0
 #       n:   7   0   0   1   0   1   1  11   0   0   4   0  10 875   0   1   0   1   1   1   3   1   3   3   0   0
 #       o:   6   2   3   0   0   0   2   0   2   0   0   1   0   5 906   2   0   0   0   0   3   0   0   0   0   0
 #       p:   1   1   0   0   7   1   2   0   2   0   0   2   0   4   8 776   2   7   0   2   0   1   0   0   1   0
 #       q:  20   0   1   0   2   0  77   0   1   0   0   0   0   0   1   3 624   1   2   3   0   1   0   1   3   3
 #       r:   3   0   2   0   4   2   1   2   0   0   7   6   0   9   0   4   0 870   2   2   0  16   1   3   2   2
 #       s:   4   3   3   0   0   3   7   4   2   3   1   1   0   0   0   2   0   1 857   0   0   0   3   0   0   1
 #       t:   1   2   1   2   2   6   0   2   0   2   2   5   0   0   0   0   1   9   1 870   0   2   0   0   3   4
 #       u:   7   3   2   2   0   0   0   4   0   4   1   1   0   1   3   0   0   0   0   0 935  24   2   1   3   0
 #       v:   1   0   0   0   0   0   1   0   1   3   0   4   2   0   4   0   2  12   0   1  27 990   0   1  17   1
 #       w:   1   0   1   0   0   1   0   1   1   0   2   1   1   2   0   0   0   0   3   0   9   7 901   0   2   0
 #       x:   1   0   0   3   0   1   1   0   0   0  12   3   1   1   0   1   4   1   1   2   0   5   1 900  10   4
 #       y:   0   3   0   1   0   1   7   1   0   0   1   3   2   0   1   1   4   4   1   2  16  23   1   5 688   0
 #       z:   1   0   0   0   0   1   6   3   1   1   1   3   1   0   0   3   4   1   1   3   0   1   0   5   2 882
 #  unknown
 #    *    0   0   0   0   0   0   0   0   0   0   0   0   0   0   0   0   0   0   0   0   0   0   0   0   0   0

 percent of true IDs correctly identified (rows)
          94  96  95  97  93  91  82  94  55  87  95  90  97  95  97  95  84  93  96  95  94  93  97  95  90  96
percent of predicted IDs correctly identified (cols)
          89  96  95  97  95  96  85  92  77  93  93  78  98  94  95  94  86  94  96  93  93  91  98  95  92  96

 #  mean highest activation level
 #  row: correct, column: actual
 #  key:      a   b   c   d   e   f   g   h   i   j   k   l   m   n   o   p   q   r   s   t   u   v   w   x   y   z
 #       a:  79  25  36  48  71   0  46  26  28   0  33  26  24  38  47   0  44   0  26   0  37   0  28   0   0  47
 #       b:  32  88  22  78  25   0   0  54  30   0  41  28   0  40  51   0   0   0   0   0   0   0  39  28   0   0
 #       c:  40   0  87  38  57   0   0  32  22   0   0  55   0  28  49  31   0  53  27   0   0   0   0   0   0  26
 #       d:  38  35   0  88   0   0   0  32  32  71   0   0  23   0  77   0   0   0   0  23   0  39   0  48   0   0
 #       e:  43  20  54  30  83  46   0  25  28   0   0  36   0   0  32  49  51  48   0  32  22   0   0   0  25  15
 #       f:   0  24  21  23  61  86  32  37  19   0  39  38   0   0   0  63  46  71  39  57   0  19   0  31   0   0
 #       g:  56  19  55  45   0  36  71  40  14  41  29  39   0  43   0  42  55  37  48  28  49   0  32  25  33  31
 #       h:  25  35   0  25   0  20  20  83  20  29  35  40   0  46   0   0   0   0   0  25  40  48  28  34   0  30
 #       i:  33  31  43  21   0  38  36  26  58  42  29  62   0   0   0  42  44  45  35  35   0  32   0  26  23  34
 #       j:  27  17   0  52   0  35  39   0  38  85  36  53   0   0   0   0   0  22  58  43  54  47   0  37   0  31
 #       k:   0  30  28   0   0   0   0  55   0   0  80  53   0  45   0   0   0  43   0  34  53   0   0  50   0   0
 #       l:   0  32  44  20  37  32  39  51  55  45  39  73   0   0   0  23   0  61  32  24  24   0   0  32  54  38
 #       m:  33  16   0   0   0   0   0  43  35   0  40   0  88  55   0   0   0   0   0  23  35   0  50   0  73   0
 #       n:  36   0   0  11   0  20  25  62   0   0  39   0  37  84   0  50   0  56  16  30  40  27  42  35   0   0
 #       o:  41  29  37   0   0   0  28   0  38   0   0  26   0  46  88  27   0   0   0   0  36   0   0   0   0   0
 #       p:  31  18   0   0  42  61  30   0  31   0   0  25   0  38  48  85  40  44   0  38   0  17   0   0  26   0
 #       q:  49   0  19   0  31   0  57   0  34   0   0   0   0   0  72  30  70  35  45  21   0  27   0  29  37  40
 #       r:  25   0  74   0  35  30  25  30   0   0  25  44   0  40   0  36   0  87  35  25   0  46  43  39  45  36
 #       s:  25  28  50   0   0  36  49  36  26  51  19  47   0   0   0  30   0  72  88   0   0   0  25   0   0  29
 #       t:  18  44  36  19  65  45   0  38   0  38  44  32   0   0   0   0  25  53  18  84   0  43   0   0  58  48
 #       u:  40  28  33  27   0   0   0  46   0  59  21  39   0  60  60   0   0   0   0   0  83  60  27  22  55   0
 #       v:  18   0   0   0   0   0  48   0  36  53   0  45  15   0  33   0  32  61   0  40  58  85   0  32  38  25
 #       w:  54   0  19   0   0  12   0  24  41   0  36  19  60  38   0   0   0   0  94   0  57  46  88   0  25   0
 #       x:  43   0   0  30   0  36  29   0   0   0  48  38  35  52   0  23  38  50  21  34   0  52  18  85  49  37
 #       y:   0  33   0  35   0  25  43  16   0   0  24  34  33   0  16  37  39  58  30  30  59  58  32  45  79   0
 #       z:  36   0   0   0   0  22  39  33  27  33  47  22  23   0   0  46  35  23  25  32   0  13   0  44  42  87
 #  unknown
 #    *    0   0   0   0   0   0   0   0   0   0   0   0   0   0   0   0   0   0   0   0   0   0   0   0   0   0

 Histogram of errors, from 2^(-10) to 1
  98245  39875  54794  72508  90632 100103  87078  52093  20375   9222   4405
   15.6    6.3    8.7   11.5   14.4   15.9   13.8    8.3    3.2    1.5    0.7%
 
     Iter   Err (   Ep    Ew)     OK    UNK     NG      OK   UNK    NG
  F    50 0.085 (0.085 0.153)  22227      0   1978 =  91.8   0.0   8.2 %
  55.0   94 96 95 97 93 91 82 94 55 87 95 90 97 95 97 95 84 93 96 95 94 93 97 95 90 96

          thresh     right   unknown     wrong   correct  rejected
 1tr    0.000000     22227         0      1978     91.83      0.00
 2tr    0.050000     22227         0      1978     91.83      0.00
 3tr    0.100000     22227         1      1977     91.83      0.00
 4tr    0.150000     22227        21      1957     91.91      0.09
 5tr    0.200000     22205       126      1874     92.22      0.52
 6tr    0.250000     22156       292      1757     92.65      1.21
 7tr    0.300000     22052       552      1601     93.23      2.28
 8tr    0.350000     21875       900      1430     93.86      3.72
 9tr    0.400000     21610      1343      1252     94.52      5.55
10tr    0.450000     21252      1868      1085     95.14      7.72
11tr    0.500000     20760      2533       912     95.79     10.46
12tr    0.525000     20446      2944       815     96.17     12.16
13tr    0.550000     20066      3423       716     96.55     14.14
14tr    0.575000     19707      3848       650     96.81     15.90
15tr    0.600000     19313      4328       564     97.16     17.88
16tr    0.625000     18812      4918       475     97.54     20.32
17tr    0.650000     18330      5474       401     97.86     22.62
18tr    0.675000     17855      6012       338     98.14     24.84
19tr    0.700000     17312      6609       284     98.39     27.30
20tr    0.725000     16693      7278       234     98.62     30.07
21tr    0.750000     16040      7984       181     98.88     32.98
22tr    0.775000     15261      8798       146     99.05     36.35
23tr    0.800000     14491      9601       113     99.23     39.67
24tr    0.810000     14173      9928       104     99.27     41.02
25tr    0.820000     13818     10293        94     99.32     42.52
26tr    0.830000     13479     10640        86     99.37     43.96
27tr    0.840000     13132     10995        78     99.41     45.42
28tr    0.850000     12759     11376        70     99.45     47.00
29tr    0.860000     12350     11799        56     99.55     48.75
30tr    0.870000     11943     12212        50     99.58     50.45
31tr    0.880000     11519     12642        44     99.62     52.23
32tr    0.890000     11114     13052        39     99.65     53.92
33tr    0.900000     10660     13515        30     99.72     55.84
34tr    0.905000     10424     13757        24     99.77     56.84
35tr    0.910000     10156     14027        22     99.78     57.95
36tr    0.915000      9908     14276        21     99.79     58.98
37tr    0.920000      9659     14525        21     99.78     60.01
38tr    0.925000      9359     14827        19     99.80     61.26
39tr    0.930000      9045     15143        17     99.81     62.56
40tr    0.935000      8752     15440        13     99.85     63.79
41tr    0.940000      8420     15772        13     99.85     65.16
42tr    0.945000      8073     16120        12     99.85     66.60
43tr    0.950000      7746     16447        12     99.85     67.95
44tr    0.955000      7377     16816        12     99.84     69.47
45tr    0.960000      6984     17211        10     99.86     71.11
46tr    0.965000      6579     17618         8     99.88     72.79
47tr    0.970000      6135     18063         7     99.89     74.63
48tr    0.975000      5612     18588         5     99.91     76.79
49tr    0.980000      5050     19152         3     99.94     79.12
50tr    0.985000      4417     19785         3     99.93     81.74
51tr    0.990000      3608     20595         2     99.94     85.09
52tr    0.995000      2549     21654         2     99.92     89.46
 Iter 50; ierr 1 : iteration limit
 Used 51 iterations; 151 function calls; Err 0.085; |g|/|w| 1.199e-05
 Rms change in weights  0.025

 User+system time used:  7212.9 (s)  2:00:12.9 (h:m:s)
 Wrote weights as file trn_6.wts
