 Classifier MLP
 Training run
 Patterns file: h46_u.pat; using all 24420 patterns
 Final pattern-wts: set all equal,
  no files read
 Error function: sum of squares
 Reg. factor: 1.000e-03
 Activation fns. on hidden, output nodes: sinusoid, sinusoid
 Nos. of input, hidden, output nodes: 128, 128, 26
 Boltzmann pruning, thresh. exp(-w^2/T), T 1.000e-04
 Will use SCG
 Initial network weights: from file trn_5.wts
 Final network weights will be written as file trn_6.wts
 Stopping criteria (max. no. of iterations 50):
  (RMS err) <= 0.000e+00 OR
  (RMS g) <= 0.000e+00 * (RMS w) OR
  (RMS err) > 9.900e-01 * (RMS err 10 iters ago) OR
  (OK - NG count) < (count 10 iters ago) + 1.  (OK level: 0.000)
 Long outfile not made


 SCG: doing <= 50 iterations; 19866 variables.

 pruned  6362   384  6746   C  1.45435e+05  H  4.92468e+04  R  66.14  M  -0.01  T  0.0325
     Iter   Err (   Ep    Ew)     OK    UNK     NG      OK   UNK    NG
        0 0.063 (0.063 0.146)  23730      0    690 =  97.2   0.0   2.8 %
  94.8   98 98 98 95 97 97 98 98 98 96 96 97 96 97 97 97 97 97 98 98 97 95 96 97 98 99
 pruned  6404   386  6790   C  1.15651e+05  H  4.89101e+04  R  57.71  M  -0.01  T  0.0326
 pruned  6412   386  6798   C  1.66924e+05  H  4.88587e+04  R  70.73  M  -0.01  T  0.0326
 pruned  6424   387  6811   C  1.38771e+05  H  4.87836e+04  R  64.85  M  -0.01  T  0.0327
 pruned  6433   388  6821   C  1.94001e+05  H  4.87522e+04  R  74.87  M  -0.01  T  0.0327
 pruned  6437   388  6825   C  1.77519e+05  H  4.87550e+04  R  72.54  M  -0.01  T  0.0328
 pruned  6436   388  6824   C  1.75127e+05  H  4.87766e+04  R  72.15  M  -0.01  T  0.0328
 pruned  6429   390  6819   C  1.76620e+05  H  4.88685e+04  R  72.33  M  -0.01  T  0.0328
 pruned  6437   389  6826   C  1.70497e+05  H  4.88107e+04  R  71.37  M  -0.01  T  0.0329
 pruned  6396   391  6787   C  1.64674e+05  H  4.91928e+04  R  70.13  M  -0.01  T  0.0328
 pruned  6428   391  6819   C  1.72621e+05  H  4.89113e+04  R  71.67  M  -0.01  T  0.0330
       10 0.063 (0.063 0.147)  23725      0    695 =  97.2   0.0   2.8 %
  94.8   98 98 98 95 97 97 98 98 98 96 96 97 96 97 96 97 97 97 98 98 97 96 96 97 98 99
 pruned  6362   390  6752   C  1.63809e+05  H  4.95455e+04  R  69.75  M  -0.01  T  0.0329
 pruned  6365   392  6757   C  1.68195e+05  H  4.95215e+04  R  70.56  M  -0.01  T  0.0330
 pruned  6318   384  6702   C  1.61423e+05  H  5.00018e+04  R  69.02  M  -0.01  T  0.0330
 pruned  6335   387  6722   C  1.69181e+05  H  4.98542e+04  R  70.53  M  -0.01  T  0.0331
 pruned  6355   386  6741   C  1.69025e+05  H  4.97147e+04  R  70.59  M  -0.01  T  0.0332
 pruned  6295   382  6677   C  1.55129e+05  H  5.03089e+04  R  67.57  M  -0.01  T  0.0332
 pruned  6276   382  6658   C  1.55216e+05  H  5.04968e+04  R  67.47  M  -0.01  T  0.0332
 pruned  6193   376  6569   C  1.63050e+05  H  5.12209e+04  R  68.59  M  -0.01  T  0.0331
 pruned  6231   384  6615   C  1.63708e+05  H  5.08258e+04  R  68.95  M  -0.01  T  0.0333
 pruned  6141   377  6518   C  1.61192e+05  H  5.16305e+04  R  67.97  M  -0.01  T  0.0332
       20 0.063 (0.063 0.149)  23741      0    679 =  97.2   0.0   2.8 %
  95.1   98 98 98 95 97 97 98 98 98 96 96 97 97 97 96 97 97 97 98 98 97 96 96 97 98 99
 pruned  6232   383  6615   C  1.59797e+05  H  5.08101e+04  R  68.20  M  -0.01  T  0.0336
 pruned  6148   376  6524   C  1.74068e+05  H  5.15998e+04  R  70.36  M  -0.01  T  0.0334
 pruned  6195   376  6571   C  1.60531e+05  H  5.11558e+04  R  68.13  M  -0.01  T  0.0336
 pruned  6137   378  6515   C  1.64360e+05  H  5.16601e+04  R  68.57  M  -0.01  T  0.0336
 pruned  6089   370  6459   C  1.70319e+05  H  5.20992e+04  R  69.41  M  -0.01  T  0.0335
 pruned  6111   375  6486   C  1.68543e+05  H  5.18393e+04  R  69.24  M  -0.01  T  0.0337
 pruned  6010   370  6380   C  1.70921e+05  H  5.27494e+04  R  69.14  M  -0.01  T  0.0335
 pruned  5994   364  6358   C  1.70050e+05  H  5.28499e+04  R  68.92  M  -0.01  T  0.0335
 pruned  6001   369  6370   C  1.85357e+05  H  5.27074e+04  R  71.56  M  -0.01  T  0.0336
 pruned  6013   376  6389   C  1.86585e+05  H  5.25121e+04  R  71.86  M  -0.01  T  0.0338
       30 0.063 (0.063 0.151)  23759      0    661 =  97.3   0.0   2.7 %
  95.1   98 98 98 95 97 98 98 98 98 96 96 97 97 97 97 97 97 97 98 98 97 95 96 97 98 99
 pruned  6021   379  6400   C  1.61335e+05  H  5.24069e+04  R  67.52  M  -0.01  T  0.0339
 pruned  6049   383  6432   C  1.80320e+05  H  5.21713e+04  R  71.07  M  -0.01  T  0.0340
 pruned  6020   377  6397   C  1.75732e+05  H  5.25135e+04  R  70.12  M  -0.01  T  0.0340
 pruned  6026   387  6413   C  1.83531e+05  H  5.23775e+04  R  71.46  M  -0.01  T  0.0341
 pruned  6076   384  6460   C  1.71585e+05  H  5.19535e+04  R  69.72  M  -0.01  T  0.0343
 pruned  6120   378  6498   C  1.80530e+05  H  5.16727e+04  R  71.38  M  -0.01  T  0.0344
 pruned  6042   381  6423   C  1.72747e+05  H  5.23210e+04  R  69.71  M  -0.01  T  0.0343
 pruned  6128   390  6518   C  1.78558e+05  H  5.15093e+04  R  71.15  M  -0.01  T  0.0345
 pruned  6122   389  6511   C  1.72116e+05  H  5.16325e+04  R  70.00  M  -0.01  T  0.0346
 pruned  6191   392  6583   C  1.66761e+05  H  5.10079e+04  R  69.41  M  -0.01  T  0.0348
       40 0.062 (0.062 0.152)  23770      0    650 =  97.3   0.0   2.7 %
  95.1   98 98 98 95 97 98 98 98 98 96 96 97 97 97 97 97 97 97 98 98 97 95 96 97 98 99
 pruned  6174   399  6573   C  1.92179e+05  H  5.11918e+04  R  73.36  M  -0.01  T  0.0348
 pruned  6199   399  6598   C  1.69519e+05  H  5.09942e+04  R  69.92  M  -0.01  T  0.0349
 pruned  6200   402  6602   C  1.60816e+05  H  5.10484e+04  R  68.26  M  -0.01  T  0.0349
 pruned  6176   403  6579   C  1.66402e+05  H  5.12788e+04  R  69.18  M  -0.01  T  0.0349
 pruned  6173   397  6570   C  1.62128e+05  H  5.14243e+04  R  68.28  M  -0.01  T  0.0349
 pruned  6250   408  6658   C  1.66629e+05  H  5.07213e+04  R  69.56  M  -0.01  T  0.0352
 pruned  6242   409  6651   C  1.79296e+05  H  5.08367e+04  R  71.65  M  -0.01  T  0.0352
 pruned  6268   405  6673   C  1.66344e+05  H  5.07058e+04  R  69.52  M  -0.01  T  0.0353
 pruned  6245   405  6650   C  1.80152e+05  H  5.09745e+04  R  71.70  M  -0.01  T  0.0353
 pruned  6259   408  6667   C  1.72978e+05  H  5.08647e+04  R  70.59  M  -0.01  T  0.0353
       50 0.062 (0.062 0.153)  23771      0    649 =  97.3   0.0   2.7 %
  95.1   98 98 98 95 97 98 98 98 98 96 96 97 97 97 97 98 97 97 98 98 97 95 96 97 98 99

 oklvl 0.00
 # Highest two outputs (mean) 0.874 0.128; mean diff 0.745
   key  name
    A   A
    B   B
    C   C
    D   D
    E   E
    F   F
    G   G
    H   H
    I   I
    J   J
    K   K
    L   L
    M   M
    N   N
    O   O
    P   P
    Q   Q
    R   R
    S   S
    T   T
    U   U
    V   V
    W   W
    X   X
    Y   Y
    Z   Z
 #  key:      A   B   C   D   E   F   G   H   I   J   K   L   M   N   O   P   Q   R   S   T   U   V   W   X   Y   Z
 #  row: correct, column: actual
 #       A: 919   1   0   0   0   0   1   2   1   0   2   1   1   0   0   0   2   4   0   0   0   0   1   0   0   0
 #       B:   4 879   0   1   0   0   0   0   2   0   0   0   0   0   1   0   3   2   0   0   0   0   0   0   0   4
 #       C:   0   0 1070   1   1   0   3   0   3   0   0   4   0   0   2   1   0   0   0   0   1   0   0   0   0   1
 #       D:   2   3   0 801   0   0   0   0   3   1   0   3   1   0  22   4   0   0   0   2   0   0   0   0   0   0
 #       E:   0   0   2   0 723   4   3   0   0   0   0   1   0   0   0   0   0   4   1   0   0   2   0   1   0   2
 #       F:   0   0   0   0   0 850   0   0   1   0   0   0   0   0   0   4   0   0   0  10   0   0   0   0   2   2
 #       G:   1   1   4   0   0   0 813   0   0   0   0   4   1   0   2   0   3   0   2   0   1   0   0   0   0   0
 #       H:   2   0   0   0   0   0   0 812   3   0   1   0   2   4   0   0   0   1   0   0   1   0   0   0   0   1
 #       I:   0   0   2   1   1   1   0   0 1615  10   0   3   0   0   0   2   0   0   0   6   0   0   1   1   0   5
 #       J:   0   0   0   2   0   0   0   0  13 863   0   0   0   0   1   0   0   0   9   6   1   0   0   0   0   1
 #       K:   2   1   0   0   0   0   0   5   3   0 744   2   2   1   0   0   0   6   0   0   0   1   0  10   0   0
 #       L:   1   0  10   0   0   0   0   0   9   2   2 1016   0   0   0   0   1   2   0   1   0   0   1   0   0   0
 #       M:   3   0   0   1   0   0   0  12   1   0   1   0 882   5   0   0   1   0   0   0   2   0   0   3   0   0
 #       N:   0   0   0   1   0   0   0   2   1   0   0   0   3 901   1   0   1   1   0   0   1   4   7   1   1   0
 #       O:   0   1   1  18   0   0   0   0   3   1   0   0   0   0 898   1   4   0   0   0   2   0   0   0   0   1
 #       P:   2   1   0  11   0   1   0   1   2   0   0   0   0   1   0 916   1   1   0   1   0   0   0   0   1   0
 #       Q:   0   2   0   6   0   0   1   0   0   0   0   0   0   0   4   5 877   7   0   0   2   0   0   0   0   0
 #       R:   8   0   3   2   4   1   0   0   1   0   2   1   0   0   0   1   0 879   0   0   0   0   0   0   0   0
 #       S:   0   4   0   0   0   0   1   0   1   7   1   0   0   0   1   0   3   1 886   2   0   0   0   0   0   0
 #       T:   3   0   1   0   0   1   0   0   0   5   0   0   0   0   0   2   0   0   0 947   0   0   0   0   6   0
 #       U:   0   0   0   1   0   0   0   0   0   0   2   0   2   2   3   0   0   1   0   0 883  12   1   1   0   0
 #       V:   0   0   0   1   0   1   0   0   2   0   0   0   0   0   1   0   0   0   0   0  29 951   0   0  11   0
 #       W:   1   0   0   1   0   0   0   1   0   0   1   0   2  16   0   0   1   0   0   0   8   4 914   1   0   0
 #       X:   2   0   0   0   0   0   0   0   3   0   9   2   0   0   0   0   0   3   0   1   0   4   0 919   4   0
 #       Y:   0   0   0   0   0   0   0   0   1   0   0   0   1   0   0   1   0   0   0   1   1   8   0   4 889   0
 #       Z:   0   3   0   0   1   0   0   0   3   0   0   0   0   0   0   0   0   1   0   0   0   0   0   1   0 924
 #  unknown
 #    *    0   0   0   0   0   0   0   0   0   0   0   0   0   0   0   0   0   0   0   0   0   0   0   0   0   0

 percent of true IDs correctly identified (rows)
          98  98  98  95  97  98  98  98  98  96  96  97  97  97  97  98  97  97  98  98  97  95  96  97  98  99
percent of predicted IDs correctly identified (cols)
          97  98  98  94  99  99  99  97  97  97  97  98  98  97  96  98  98  96  99  97  95  96  99  98  97  98

 #  mean highest activation level
 #  row: correct, column: actual
 #  key:      A   B   C   D   E   F   G   H   I   J   K   L   M   N   O   P   Q   R   S   T   U   V   W   X   Y   Z
 #       A:  88  80   0   0   0   0  38  45  45   0  40  48  32   0   0   0  44  51   0   0   0   0  32   0   0   0
 #       B:  48  87   0  29   0   0   0   0  43   0   0   0   0   0  57   0  49  64   0   0   0   0   0   0   0  61
 #       C:   0   0  92  39  40   0  44   0  45   0   0  49   0   0  62  44   0   0   0   0  38   0   0   0   0  67
 #       D:  28  41   0  86   0   0   0   0  41  50   0  50  18   0  57  59   0   0   0  43   0   0   0   0   0   0
 #       E:   0   0  65   0  87  44  56   0   0   0   0  30   0   0   0   0   0  52  21   0   0  32   0  26   0  49
 #       F:   0   0   0   0   0  91   0   0  33   0   0   0   0   0   0  43   0   0   0  60   0   0   0   0  51  26
 #       G:  37  48  50   0   0   0  88   0   0   0   0  51  39   0  43   0  57   0  69   0  27   0   0   0   0   0
 #       H:  34   0   0   0   0   0   0  84  48   0  40   0  53  54   0   0   0  15   0   0  43   0   0   0   0  24
 #       I:   0   0  71  69  35  46   0   0  90  56   0  44   0   0   0  34   0   0   0  67   0   0  44  60   0  47
 #       J:   0   0   0  56   0   0   0   0  64  88   0   0   0   0  46   0   0   0  45  65  23   0   0   0   0  24
 #       K:  32  46   0   0   0   0   0  50  37   0  84  43  25  11   0   0   0  40   0   0   0  38   0  62   0   0
 #       L:  38   0  67   0   0   0   0   0  60  45  89  93   0   0   0   0  13  22   0  31   0   0  55   0   0   0
 #       M:  54   0   0  47   0   0   0  53  22   0  50   0  87  30   0   0  27   0   0   0  32   0   0  34   0   0
 #       N:   0   0   0  15   0   0   0  53  21   0   0   0  60  85  27   0  24  24   0   0  29  71  53  39  43   0
 #       O:   0  47  21  58   0   0   0   0  51  40   0   0   0   0  88  80  34   0   0   0  66   0   0   0   0  20
 #       P:  41  40   0  56   0  65   0  36  36   0   0   0   0  20   0  91  60  29   0  78   0   0   0   0  44   0
 #       Q:   0  32   0  46   0   0  92   0   0   0   0   0   0   0  51  47  87  40   0   0  66   0   0   0   0   0
 #       R:  37   0  58  44  30  73   0   0  26   0  41  67   0   0   0  54   0  85   0   0   0   0   0   0   0   0
 #       S:   0  42   0   0   0   0  39   0  31  72  22   0   0   0  67   0  38  28  92  47   0   0   0   0   0   0
 #       T:  27   0  26   0   0  36   0   0   0  42   0   0   0   0   0  28   0   0   0  92   0   0   0   0  74   0
 #       U:   0   0   0  42   0   0   0   0   0   0  31   0  39  35  49   0   0  23   0   0  85  59  54  77   0   0
 #       V:   0   0   0  21   0  27   0   0  24   0   0   0   0   0  35   0   0   0   0   0  66  87   0   0  56   0
 #       W:  49   0   0  40   0   0   0  70   0   0  32   0  35  52   0   0  35   0   0   0  50  68  89  40   0   0
 #       X:  27   0   0   0   0   0   0   0  48   0  51  46   0   0   0   0   0  26   0  58   0  52   0  89  50   0
 #       Y:   0   0   0   0   0   0   0   0  28   0   0   0  23   0   0  35   0   0   0  63  77  57   0  49  88   0
 #       Z:   0  35   0   0  60   0   0   0  37   0   0   0   0   0   0   0   0  45   0   0   0   0   0  77   0  91
 #  unknown
 #    *    0   0   0   0   0   0   0   0   0   0   0   0   0   0   0   0   0   0   0   0   0   0   0   0   0   0

 Histogram of errors, from 2^(-10) to 1
 109726  44022  59674  78843  96085 100278  81021  43256  14972   5340   1703
   17.3    6.9    9.4   12.4   15.1   15.8   12.8    6.8    2.4    0.8    0.3%
 
     Iter   Err (   Ep    Ew)     OK    UNK     NG      OK   UNK    NG
  F    50 0.062 (0.062 0.153)  23771      0    649 =  97.3   0.0   2.7 %
  95.1   98 98 98 95 97 98 98 98 98 96 96 97 97 97 97 98 97 97 98 98 97 95 96 97 98 99

          thresh     right   unknown     wrong   correct  rejected
 1tr    0.000000     23771         0       649     97.34      0.00
 2tr    0.050000     23771         0       649     97.34      0.00
 3tr    0.100000     23771         0       649     97.34      0.00
 4tr    0.150000     23771         3       646     97.35      0.01
 5tr    0.200000     23763        23       634     97.40      0.09
 6tr    0.250000     23737        90       593     97.56      0.37
 7tr    0.300000     23687       186       547     97.74      0.76
 8tr    0.350000     23617       307       496     97.94      1.26
 9tr    0.400000     23488       503       429     98.21      2.06
10tr    0.450000     23291       772       357     98.49      3.16
11tr    0.500000     23042      1076       302     98.71      4.41
12tr    0.525000     22883      1267       270     98.83      5.19
13tr    0.550000     22709      1471       240     98.95      6.02
14tr    0.575000     22497      1709       214     99.06      7.00
15tr    0.600000     22248      1979       193     99.14      8.10
16tr    0.625000     21945      2307       168     99.24      9.45
17tr    0.650000     21632      2642       146     99.33     10.82
18tr    0.675000     21276      3021       123     99.43     12.37
19tr    0.700000     20888      3429       103     99.51     14.04
20tr    0.725000     20455      3870        95     99.54     15.85
21tr    0.750000     19927      4412        81     99.60     18.07
22tr    0.775000     19372      4979        69     99.65     20.39
23tr    0.800000     18724      5639        57     99.70     23.09
24tr    0.810000     18430      5936        54     99.71     24.31
25tr    0.820000     18126      6246        48     99.74     25.58
26tr    0.830000     17814      6562        44     99.75     26.87
27tr    0.840000     17492      6888        40     99.77     28.21
28tr    0.850000     17127      7259        34     99.80     29.73
29tr    0.860000     16742      7648        30     99.82     31.32
30tr    0.870000     16327      8068        25     99.85     33.04
31tr    0.880000     15899      8499        22     99.86     34.80
32tr    0.890000     15452      8947        21     99.86     36.64
33tr    0.900000     14959      9441        20     99.87     38.66
34tr    0.905000     14714      9687        19     99.87     39.67
35tr    0.910000     14424      9977        19     99.87     40.86
36tr    0.915000     14115     10286        19     99.87     42.12
37tr    0.920000     13806     10597        17     99.88     43.39
38tr    0.925000     13485     10918        17     99.87     44.71
39tr    0.930000     13129     11275        16     99.88     46.17
40tr    0.935000     12769     11635        16     99.87     47.65
41tr    0.940000     12361     12045        14     99.89     49.32
42tr    0.945000     11958     12449        13     99.89     50.98
43tr    0.950000     11506     12901        13     99.89     52.83
44tr    0.955000     10971     13438        11     99.90     55.03
45tr    0.960000     10444     13965        11     99.89     57.19
46tr    0.965000      9877     14532        11     99.89     59.51
47tr    0.970000      9264     15147         9     99.90     62.03
48tr    0.975000      8561     15850         9     99.89     64.91
49tr    0.980000      7743     16671         6     99.92     68.27
50tr    0.985000      6746     17668         6     99.91     72.35
51tr    0.990000      5601     18814         5     99.91     77.04
52tr    0.995000      4056     20361         3     99.93     83.38
 Iter 50; ierr 1 : iteration limit
 Used 51 iterations; 151 function calls; Err 0.062; |g|/|w| 7.705e-06
 Rms change in weights  0.019

 User+system time used:  7226.5 (s)  2:00:26.5 (h:m:s)
 Wrote weights as file trn_6.wts
